<?xml version="1.0" encoding="UTF-8"?>
<testng-results skipped="0" failed="0" ignored="0" total="2" passed="2">
  <reporter-output>
  </reporter-output>
  <suite name="Default suite" duration-ms="149" started-at="2022-03-19T11:03:52 EDT" finished-at="2022-03-19T11:03:52 EDT">
    <groups>
    </groups>
    <test name="Default test" duration-ms="149" started-at="2022-03-19T11:03:52 EDT" finished-at="2022-03-19T11:03:52 EDT">
      <class name="lesson17.WordCount">
        <test-method status="PASS" signature="wordCount()[pri:1, instance:lesson17.WordCount@a7e666]" name="wordCount" duration-ms="28" started-at="2022-03-19T11:03:52 EDT" finished-at="2022-03-19T11:03:52 EDT">
          <reporter-output>
          </reporter-output>
        </test-method> <!-- wordCount -->
        <test-method status="PASS" signature="sindWords2()[pri:2, instance:lesson17.WordCount@a7e666]" name="sindWords2" duration-ms="4" started-at="2022-03-19T11:03:52 EDT" finished-at="2022-03-19T11:03:52 EDT">
          <reporter-output>
          </reporter-output>
        </test-method> <!-- sindWords2 -->
      </class> <!-- lesson17.WordCount -->
    </test> <!-- Default test -->
  </suite> <!-- Default suite -->
</testng-results>
