<?xml version="1.0" encoding="UTF-8"?>
<!-- Generated by org.testng.reporters.JUnitXMLReporter -->
<testsuite hostname="Mahfuz" ignored="0" name="ChromeTest" tests="11" failures="0" timestamp="2022-03-12T14:37:39 EST" time="19.455" errors="0">
  <testcase name="clickCreateAccount" time="0.161" classname="lesson15.FacebookSignUpParallelBrowser"/>
  <testcase name="setFirstName" time="0.965" classname="lesson15.FacebookSignUpParallelBrowser"/>
  <testcase name="setLastName" time="0.201" classname="lesson15.FacebookSignUpParallelBrowser"/>
  <testcase name="setMobileNumber" time="0.316" classname="lesson15.FacebookSignUpParallelBrowser"/>
  <testcase name="setPassword" time="0.177" classname="lesson15.FacebookSignUpParallelBrowser"/>
  <testcase name="setbirthdayMonth" time="0.205" classname="lesson15.FacebookSignUpParallelBrowser"/>
  <testcase name="setDate" time="0.285" classname="lesson15.FacebookSignUpParallelBrowser"/>
  <testcase name="setYear" time="0.268" classname="lesson15.FacebookSignUpParallelBrowser"/>
  <testcase name="setGender" time="0.172" classname="lesson15.FacebookSignUpParallelBrowser"/>
  <testcase name="clickSubmitButton" time="0.135" classname="lesson15.FacebookSignUpParallelBrowser"/>
  <testcase name="verifyErrorMessage" time="4.257" classname="lesson15.FacebookSignUpParallelBrowser"/>
</testsuite> <!-- ChromeTest -->
