<?xml version="1.0" encoding="UTF-8"?>
<!-- Generated by org.testng.reporters.JUnitXMLReporter -->
<testsuite hostname="Mahfuz" ignored="0" name="EdgeTest" tests="11" failures="0" timestamp="2022-03-12T14:38:39 EST" time="79.502" errors="0">
  <testcase name="clickCreateAccount" time="1.875" classname="lesson15.FacebookSignUpParallelBrowser"/>
  <testcase name="setFirstName" time="2.539" classname="lesson15.FacebookSignUpParallelBrowser"/>
  <testcase name="setLastName" time="0.453" classname="lesson15.FacebookSignUpParallelBrowser"/>
  <testcase name="setMobileNumber" time="0.259" classname="lesson15.FacebookSignUpParallelBrowser"/>
  <testcase name="setPassword" time="0.202" classname="lesson15.FacebookSignUpParallelBrowser"/>
  <testcase name="setbirthdayMonth" time="0.387" classname="lesson15.FacebookSignUpParallelBrowser"/>
  <testcase name="setDate" time="3.326" classname="lesson15.FacebookSignUpParallelBrowser"/>
  <testcase name="setYear" time="0.257" classname="lesson15.FacebookSignUpParallelBrowser"/>
  <testcase name="setGender" time="0.163" classname="lesson15.FacebookSignUpParallelBrowser"/>
  <testcase name="clickSubmitButton" time="0.142" classname="lesson15.FacebookSignUpParallelBrowser"/>
  <testcase name="verifyErrorMessage" time="4.683" classname="lesson15.FacebookSignUpParallelBrowser"/>
</testsuite> <!-- EdgeTest -->
