<?xml version="1.0" encoding="UTF-8"?>
<!-- Generated by org.testng.reporters.JUnitXMLReporter -->
<testsuite hostname="Mahfuz" ignored="0" name="Test" tests="24" failures="0" timestamp="2022-03-12T13:54:42 EST" time="47.785" errors="0">
  <testcase name="providerTest" time="0.019" classname="lesson15.DataProviderTest"/>
  <testcase name="providerTest" time="0.015" classname="lesson15.DataProviderTest"/>
  <testcase name="providerTest" time="0.002" classname="lesson15.DataProviderTest"/>
  <testcase name="providerTest" time="0.002" classname="lesson15.DataProviderTest"/>
  <testcase name="providerTest1" time="0.002" classname="lesson15.DataProviderTest"/>
  <testcase name="providerTest1" time="0.002" classname="lesson15.DataProviderTest"/>
  <testcase name="providerTest1" time="0.002" classname="lesson15.DataProviderTest"/>
  <testcase name="providerTest1" time="0.002" classname="lesson15.DataProviderTest"/>
  <testcase name="clickCreateAccount" time="0.219" classname="lesson15.FacebookSignUpTestNG_Test"/>
  <testcase name="setFirstName" time="0.941" classname="lesson15.FacebookSignUpTestNG_Test"/>
  <testcase name="setLastName" time="0.353" classname="lesson15.FacebookSignUpTestNG_Test"/>
  <testcase name="setMobileNumber" time="0.27" classname="lesson15.FacebookSignUpTestNG_Test"/>
  <testcase name="setPassword" time="0.221" classname="lesson15.FacebookSignUpTestNG_Test"/>
  <testcase name="setbirthdayMonth" time="0.384" classname="lesson15.FacebookSignUpTestNG_Test"/>
  <testcase name="setDate" time="0.313" classname="lesson15.FacebookSignUpTestNG_Test"/>
  <testcase name="setYear" time="0.257" classname="lesson15.FacebookSignUpTestNG_Test"/>
  <testcase name="setGender" time="0.328" classname="lesson15.FacebookSignUpTestNG_Test"/>
  <testcase name="clickSubmitButton" time="0.161" classname="lesson15.FacebookSignUpTestNG_Test"/>
  <testcase name="verifyErrorMessage" time="4.126" classname="lesson15.FacebookSignUpTestNG_Test"/>
  <testcase name="runFibonacciSerie" time="0.002" classname="lesson15.FibonacciSequence"/>
  <testcase name="loginTest" time="6.805" classname="lesson15.DataProviderTest_Swaag"/>
  <testcase name="loginTest" time="6.29" classname="lesson15.DataProviderTest_Swaag"/>
  <testcase name="loginTest" time="6.663" classname="lesson15.DataProviderTest_Swaag"/>
  <testcase name="loginTest" time="11.269" classname="lesson15.DataProviderTest_Swaag"/>
</testsuite> <!-- Test -->
